<?xml version="1.0" encoding="UTF-8"?>
<!-- Generated by org.testng.reporters.JUnitReportReporter -->
<testsuite hostname="ESLLAP-3859" failures="0" tests="1" name="jarvis.scripts.Captcha" time="18.945" errors="0" timestamp="25 Aug 2023 07:33:48 GMT">
  <testcase classname="jarvis.scripts.Captcha" name="SampleTest" time="18.945"/>
</testsuite> <!-- jarvis.scripts.Captcha -->
