<?xml version="1.0" encoding="UTF-8"?>
<!-- Generated by org.testng.reporters.JUnitReportReporter -->
<testsuite hostname="ESLLAP-3859" failures="0" tests="1" name="jarvis.scripts.FileUpload" time="26.062" errors="0" timestamp="2 Jan 2024 13:37:30 GMT">
  <testcase classname="jarvis.scripts.FileUpload" name="SampleTest" time="26.062"/>
</testsuite> <!-- jarvis.scripts.FileUpload -->
