<?xml version="1.0" encoding="UTF-8"?>
<!-- Generated by org.testng.reporters.JUnitReportReporter -->
<testsuite hostname="ESLLAP-3859" failures="0" tests="1" name="jarvis.scripts.Login" time="22.661" errors="0" timestamp="12 Oct 2023 05:39:45 GMT">
  <testcase classname="jarvis.scripts.Login" name="SampleTest" time="22.661"/>
</testsuite> <!-- jarvis.scripts.Login -->
