<?xml version="1.0" encoding="UTF-8"?>
<!-- Generated by org.testng.reporters.JUnitReportReporter -->
<testsuite hostname="ESLLAP-3859" failures="0" tests="1" name="jarvis.scripts.PDFFile" time="57.148" errors="0" timestamp="23 Aug 2023 13:18:12 GMT">
  <testcase classname="jarvis.scripts.PDFFile" name="SampleTest" time="57.148"/>
</testsuite> <!-- jarvis.scripts.PDFFile -->
